0 info it worked if it ends with ok
1 verbose cli [ 'C:\\Program Files\\nodejs\\node.exe',
1 verbose cli   'C:\\Program Files\\nodejs\\node_modules\\npm\\bin\\npm-cli.js',
1 verbose cli   'run',
1 verbose cli   'build' ]
2 info using npm@3.10.8
3 info using node@v6.9.1
4 verbose run-script [ 'prebuild', 'build', 'postbuild' ]
5 info lifecycle site@1.0.1~prebuild: site@1.0.1
6 silly lifecycle site@1.0.1~prebuild: no script for prebuild, continuing
7 info lifecycle site@1.0.1~build: site@1.0.1
8 verbose lifecycle site@1.0.1~build: unsafe-perm in lifecycle true
9 verbose lifecycle site@1.0.1~build: PATH: C:\Program Files\nodejs\node_modules\npm\bin\node-gyp-bin;C:\Users\Zmachinskiy\WebstormProjects\site\node_modules\.bin;C:\ProgramData\Oracle\Java\javapath;D:\app\product\11.2.0\dbhome_1\bin;C:\Perl\site\bin;C:\Perl\bin;D:\app\Potapovich\product\11.2.0\dbhome_1\bin;D:\app\Potapovich\product\11.2.0\dbhome_2\bin;C:\Windows\system32;C:\Windows;C:\Windows\System32\Wbem;C:\Windows\System32\WindowsPowerShell\v1.0\;C:\Program Files\MySQL\MySQL Server 5.5\bin;C:\Program Files\TortoiseSVN\bin;C:\Program Files\Java\jdk1.8.0_121\bin;%M2_HOME%\bin;%ANT_HOME%/bin;D:\Potapovich\gwt-2.5.0;C:\Program Files (x86)\Microsoft SQL Server\100\Tools\Binn\;C:\Program Files\Microsoft SQL Server\100\Tools\Binn\;C:\Program Files\Microsoft SQL Server\100\DTS\Binn\;C:\Program Files (x86)\Microsoft SQL Server\100\Tools\Binn\VSShell\Common7\IDE\;C:\Program Files (x86)\Microsoft Visual Studio 9.0\Common7\IDE\PrivateAssemblies\;C:\Program Files (x86)\Microsoft SQL Server\100\DTS\Binn\; %M2_HOME%\bin;C:\Program Files\nodejs\;C:\python27;C:\oracle\instantclient;C:\Windows\system32\config\systemprofile\.dnx\bin;C:\Program Files\Microsoft DNX\Dnvm\;C:\Program Files\Microsoft SQL Server\130\Tools\Binn\;C:\Program Files (x86)\Rational\common;C:\Program Files\Git\cmd;C:\Program Files (x86)\Skype\Phone\;C:\Program Files\MongoDB\Server\3.4\bin;C:\Users\Zmachinskiy\AppData\Roaming\npm;C:\Program Files (x86)\Microsoft VS Code\bin;C:\Program Files\Heroku\bin
10 verbose lifecycle site@1.0.1~build: CWD: C:\Users\Zmachinskiy\WebstormProjects\site
11 silly lifecycle site@1.0.1~build: Args: [ '/d /s /c',
11 silly lifecycle   'cd client && ng build --prod && cd .. && node index.js' ]
12 silly lifecycle site@1.0.1~build: Returned: code: 1  signal: null
13 info lifecycle site@1.0.1~build: Failed to exec build script
14 verbose stack Error: site@1.0.1 build: `cd client && ng build --prod && cd .. && node index.js`
14 verbose stack Exit status 1
14 verbose stack     at EventEmitter.<anonymous> (C:\Program Files\nodejs\node_modules\npm\lib\utils\lifecycle.js:255:16)
14 verbose stack     at emitTwo (events.js:106:13)
14 verbose stack     at EventEmitter.emit (events.js:191:7)
14 verbose stack     at ChildProcess.<anonymous> (C:\Program Files\nodejs\node_modules\npm\lib\utils\spawn.js:40:14)
14 verbose stack     at emitTwo (events.js:106:13)
14 verbose stack     at ChildProcess.emit (events.js:191:7)
14 verbose stack     at maybeClose (internal/child_process.js:877:16)
14 verbose stack     at Process.ChildProcess._handle.onexit (internal/child_process.js:226:5)
15 verbose pkgid site@1.0.1
16 verbose cwd C:\Users\Zmachinskiy\WebstormProjects\site
17 error Windows_NT 6.1.7601
18 error argv "C:\\Program Files\\nodejs\\node.exe" "C:\\Program Files\\nodejs\\node_modules\\npm\\bin\\npm-cli.js" "run" "build"
19 error node v6.9.1
20 error npm  v3.10.8
21 error code ELIFECYCLE
22 error site@1.0.1 build: `cd client && ng build --prod && cd .. && node index.js`
22 error Exit status 1
23 error Failed at the site@1.0.1 build script 'cd client && ng build --prod && cd .. && node index.js'.
23 error Make sure you have the latest version of node.js and npm installed.
23 error If you do, this is most likely a problem with the site package,
23 error not with npm itself.
23 error Tell the author that this fails on your system:
23 error     cd client && ng build --prod && cd .. && node index.js
23 error You can get information on how to open an issue for this project with:
23 error     npm bugs site
23 error Or if that isn't available, you can get their info via:
23 error     npm owner ls site
23 error There is likely additional logging output above.
24 verbose exit [ 1, true ]
